#
# A fatal error has been detected by the Java Runtime Environment:
#
#  EXCEPTION_ACCESS_VIOLATION (0xc0000005) at pc=0x00007ffbcc56854f, pid=21500, tid=972
#
# JRE version: Java(TM) SE Runtime Environment (21.0.1+12) (build 21.0.1+12-LTS-29)
# Java VM: Java HotSpot(TM) 64-Bit Server VM (21.0.1+12-LTS-29, mixed mode, sharing, tiered, compressed oops, compressed class ptrs, g1 gc, windows-amd64)
# Problematic frame:
# C  [Controller.dll+0x4854f]
#
# No core dump will be written. Minidumps are not enabled by default on client versions of Windows
#
# If you would like to submit a bug report, please visit:
#   https://bugreport.java.com/bugreport/crash.jsp
# The crash happened outside the Java Virtual Machine in native code.
# See problematic frame for where to report the bug.
#

---------------  S U M M A R Y ------------

Command Line: -Djava.library.path=E:/Program Files/Webots/lib/controller/java MyBug1Controller

Host: AMD Ryzen 7 5800H with Radeon Graphics         , 16 cores, 15G,  Windows 11 , 64 bit Build 22621 (10.0.22621.2506)
Time: Fri Dec 22 14:49:12 2023  Windows 11 , 64 bit Build 22621 (10.0.22621.2506) elapsed time: 1647.158772 seconds (0d 0h 27m 27s)

---------------  T H R E A D  ---------------

Current thread (0x0000023aba903a50):  JavaThread "main"             [_thread_in_native, id=972, stack(0x000000aa30300000,0x000000aa30400000) (1024K)]

Stack: [0x000000aa30300000,0x000000aa30400000],  sp=0x000000aa303ff230,  free space=1020k
Native frames: (J=compiled Java code, j=interpreted, Vv=VM code, C=native code)
C  [Controller.dll+0x4854f]

Java frames: (J=compiled Java code, j=interpreted, Vv=VM code)
J 495  com.cyberbotics.webots.controller.wrapperJNI.Robot_step(JLcom/cyberbotics/webots/controller/Robot;I)I (0 bytes) @ 0x0000023acc8ad9b2 [0x0000023acc8ad940+0x0000000000000072]
J 494 c1 com.cyberbotics.webots.controller.Robot.step(I)I (10 bytes) @ 0x0000023ac4d91954 [0x0000023ac4d918c0+0x0000000000000094]
j  MyBug1Controller.main([Ljava/lang/String;)V+105
v  ~StubRoutines::call_stub 0x0000023acc13100d

siginfo: EXCEPTION_ACCESS_VIOLATION (0xc0000005), reading address 0x0000023b220613d8


Registers:
RAX=0x00000000000095cf, RBX=0x0000023b22017a10, RCX=0x0000023b22017a10, RDX=0x0000023b22016560
RSP=0x000000aa303ff230, RBP=0x00007ffbcc58ce40, RSI=0x00007ffbcc5992f0, RDI=0x00007ffbcc5985e0
R8 =0x0000023b22022630, R9 =0x0000000000000000, R10=0x0000000000000000, R11=0x0000000000000246
R12=0x0000000000000000, R13=0x000000aa303ff410, R14=0x000000aa303ff3a8, R15=0x0000023aba903a50
RIP=0x00007ffbcc56854f, EFLAGS=0x0000000000010206


Register to memory mapping:

RAX=0x00000000000095cf is an unknown value
RBX=0x0000023b22017a10 points into unknown readable memory: 0x000010000000002b | 2b 00 00 00 00 10 00 00
RCX=0x0000023b22017a10 points into unknown readable memory: 0x000010000000002b | 2b 00 00 00 00 10 00 00
RDX=0x0000023b22016560 points into unknown readable memory: 0x0000023b22017ed0 | d0 7e 01 22 3b 02 00 00
RSP=0x000000aa303ff230 is pointing into the stack for thread: 0x0000023aba903a50
RBP=0x00007ffbcc58ce40 Controller.dll
RSI=0x00007ffbcc5992f0 Controller.dll
RDI=0x00007ffbcc5985e0 Controller.dll
R8 =0x0000023b22022630 points into unknown readable memory: 0x0000000000000106 | 06 01 00 00 00 00 00 00
R9 =0x0 is null
R10=0x0 is null
R11=0x0000000000000246 is an unknown value
R12=0x0 is null
R13=0x000000aa303ff410 is pointing into the stack for thread: 0x0000023aba903a50
R14=0x000000aa303ff3a8 is pointing into the stack for thread: 0x0000023aba903a50
R15=0x0000023aba903a50 is a thread

Top of Stack: (sp=0x000000aa303ff230)
0x000000aa303ff230:   0000000000000020 0000023b22020440
0x000000aa303ff240:   0000000000000000 0000035f303ff410
0x000000aa303ff250:   00000000ffffffff 0000000000000020
0x000000aa303ff260:   0000000000000000 000000aa303ff310
0x000000aa303ff270:   0000000000000000 00007ffbcc56881f
0x000000aa303ff280:   0000000000000000 0000023ac4d97774
0x000000aa303ff290:   0000000000000020 0000000000000020
0x000000aa303ff2a0:   0000000000000000 00007ffbcc56932e
0x000000aa303ff2b0:   0000000000000020 0000023acc8b04bc
0x000000aa303ff2c0:   3f74000000000000 0000000000000444
0x000000aa303ff2d0:   0000000711c00000 0000023b1e404c60
0x000000aa303ff2e0:   0000000000000020 00007ffbcd8a631b
0x000000aa303ff2f0:   000000aa303ff468 0000023ac4d96a2c
0x000000aa303ff300:   0000000711fd71a0 000000071139e0c8
0x000000aa303ff310:   000000aa303ff3c0 00007ffbe6a06f34
0x000000aa303ff320:   0000023abac72180 0000000700000020
0x000000aa303ff330:   000000071139deb0 0000000030302e35
0x000000aa303ff340:   0000000000000004 0000023acc8ada4d
0x000000aa303ff350:   0000023acc138846 00000000fffffff7
0x000000aa303ff360:   0000000000000120 0000000711546198
0x000000aa303ff370:   0000000000000020 0000000711ea9b50
0x000000aa303ff380:   0000000711e7d7d0 0000000100000000
0x000000aa303ff390:   3fc999999999999a 3fd3333333333333
0x000000aa303ff3a0:   4014000000000000 0000000711e9dea8
0x000000aa303ff3b0:   4014000000000000 4014000000000000
0x000000aa303ff3c0:   000000aa303ff468 0000023ac4d91954
0x000000aa303ff3d0:   4047f8254ec9c1a8 000000071139dea0
0x000000aa303ff3e0:   000000aa303ff468 0000023acc138846
0x000000aa303ff3f0:   0000000000000000 3fc999999999999a
0x000000aa303ff400:   000000aa303ff468 0000023acc13896e
0x000000aa303ff410:   0000000000000020 0000000711e7d7d0
0x000000aa303ff420:   000000aa303ff420 0000023b1e400681 

Instructions: (pc=0x00007ffbcc56854f)
0x00007ffbcc56844f:   00 8b 05 42 ff 03 00 48 89 d1 85 c0 74 0e 48 8b
0x00007ffbcc56845f:   05 9c 0e 03 00 48 89 05 1d ff 03 00 8b 05 33 ff
0x00007ffbcc56846f:   03 00 83 f8 02 74 12 85 c0 75 07 c6 05 a8 ff 03
0x00007ffbcc56847f:   00 01 c3 66 0f 1f 44 00 00 ba 20 00 00 00 e9 ce
0x00007ffbcc56848f:   ec ff ff 66 66 2e 0f 1f 84 00 00 00 00 00 0f 1f
0x00007ffbcc56849f:   00 48 83 ec 38 48 8d 15 2d 01 03 00 4c 89 44 24
0x00007ffbcc5684af:   50 4c 8d 44 24 50 4c 89 4c 24 58 4c 89 44 24 28
0x00007ffbcc5684bf:   e8 3c b9 01 00 48 83 c4 38 c3 0f 1f 80 00 00 00
0x00007ffbcc5684cf:   00 41 54 55 57 56 53 48 83 ec 20 48 8b 2d cf 5d
0x00007ffbcc5684df:   02 00 48 8d 3d f8 00 03 00 48 8d 35 01 0e 03 00
0x00007ffbcc5684ef:   90 e8 4b 2d 00 00 e8 46 3a 00 00 48 89 c3 48 85
0x00007ffbcc5684ff:   c0 75 5a 66 0f 1f 44 00 00 b9 02 00 00 00 ff d5
0x00007ffbcc56850f:   49 89 f0 48 89 fa 48 89 c1 e8 23 f6 ff ff e8 1e
0x00007ffbcc56851f:   3a 00 00 48 89 c3 48 85 c0 74 de 48 89 d9 e8 5e
0x00007ffbcc56852f:   f1 ff ff 48 89 d9 84 c0 75 32 0f 1f 80 00 00 00
0x00007ffbcc56853f:   00 e8 3b f0 ff ff 48 8b 15 34 fe 03 00 0f b7 c0
0x00007ffbcc56854f:   48 8b 04 c2 48 89 da 48 89 c1 ff 50 20 48 89 d9
0x00007ffbcc56855f:   e8 2c f1 ff ff 48 89 d9 84 c0 74 d5 e8 70 f1 ff
0x00007ffbcc56856f:   ff 48 89 d9 41 89 c4 e8 35 eb ff ff 45 84 e4 75
0x00007ffbcc56857f:   10 48 83 c4 20 5b 5e 5f 5d 41 5c c3 0f 1f 44 00
0x00007ffbcc56858f:   00 80 3d 8e fe 03 00 00 74 09 80 3d 86 fe 03 00
0x00007ffbcc56859f:   00 74 26 80 3d 7e fe 03 00 00 75 0d e8 70 2c 00
0x00007ffbcc5685af:   00 e9 3b ff ff ff 0f 1f 00 31 c9 e8 01 22 ff ff
0x00007ffbcc5685bf:   c6 05 61 fe 03 00 00 eb e3 e8 43 2e 00 00 84 c0
0x00007ffbcc5685cf:   74 0e e8 2a 2d 00 00 c6 05 48 fe 03 00 00 eb c3
0x00007ffbcc5685df:   48 8b 0d fa fd 03 00 e8 45 29 00 00 e8 20 2e 00
0x00007ffbcc5685ef:   00 84 c0 75 dd 48 8b 1d e5 fd 03 00 b9 02 00 00
0x00007ffbcc5685ff:   00 ff 15 aa 5c 02 00 48 8d 15 03 00 03 00 48 89
0x00007ffbcc56860f:   c1 49 89 d8 e8 28 f5 ff ff e8 e3 2c 00 00 c6 05
0x00007ffbcc56861f:   01 fe 03 00 00 e9 79 ff ff ff 0f 1f 80 00 00 00
0x00007ffbcc56862f:   00 57 56 53 48 83 ec 30 80 3d 13 fd 03 00 00 89
0x00007ffbcc56863f:   cb 0f 85 fa 00 00 00 80 3d 5c fd 03 00 00 c6 05 


Stack slot to memory mapping:

stack at sp + 0 slots: 0x0000000000000020 is an unknown value
stack at sp + 1 slots: 0x0000023b22020440 points into unknown readable memory: 0x000004000000035f | 5f 03 00 00 00 04 00 00
stack at sp + 2 slots: 0x0 is null
stack at sp + 3 slots: 0x0000035f303ff410 is an unknown value
stack at sp + 4 slots: 0x00000000ffffffff is an unknown value
stack at sp + 5 slots: 0x0000000000000020 is an unknown value
stack at sp + 6 slots: 0x0 is null
stack at sp + 7 slots: 0x000000aa303ff310 is pointing into the stack for thread: 0x0000023aba903a50


Compiled method (n/a) 1647205  495     n 0       com.cyberbotics.webots.controller.wrapperJNI::Robot_step (native)
 total in heap  [0x0000023acc8ad790,0x0000023acc8adb98] = 1032
 relocation     [0x0000023acc8ad8f0,0x0000023acc8ad928] = 56
 main code      [0x0000023acc8ad940,0x0000023acc8adb89] = 585
 stub code      [0x0000023acc8adb89,0x0000023acc8adb90] = 7
 oops           [0x0000023acc8adb90,0x0000023acc8adb98] = 8

[Constant Pool (empty)]

[MachCode]
[Entry Point]
  # {method} {0x0000023b1e423240} 'Robot_step' '(JLcom/cyberbotics/webots/controller/Robot;I)I' in 'com/cyberbotics/webots/controller/wrapperJNI'
  # parm0:    rdx:rdx   = long
  # parm1:    r8:r8     = 'com/cyberbotics/webots/controller/Robot'
  # parm2:    r9        = int
  #           [sp+0x80]  (sp of caller)
  0x0000023acc8ad940: 448b 5208 | 49bb 0000 | 00dd 3a02 | 0000 4d03 | d349 3bc2 | 0f84 0600 

  0x0000023acc8ad958: ;   {runtime_call ic_miss_stub}
  0x0000023acc8ad958: 0000 e921 | 0e8d ff90 
[Verified Entry Point]
  0x0000023acc8ad960: 8984 2400 | 80ff ff55 | 488b ec48 | 83ec 7090 | 4181 7f20 | 0100 0000 

  0x0000023acc8ad978: ;   {runtime_call StubRoutines (final stubs)}
  0x0000023acc8ad978: 7405 e8e1 | 738b ff4c | 894c 2420 | 4c89 4424 | 3049 83f8 | 004c 8d4c | 2430 4c0f | 444c 2430 
  0x0000023acc8ad998: ;   {oop(a 'java/lang/Class'{0x0000000711e9dea8} = 'com/cyberbotics/webots/controller/wrapperJNI')}
  0x0000023acc8ad998: 4c8b c249 | bea8 dee9 | 1107 0000 | 004c 8974 | 2458 4c8d | 7424 5849 | 8bd6 c5f8 

  0x0000023acc8ad9b4: ;   {internal_word}
  0x0000023acc8ad9b4: 7749 bab2 | d98a cc3a | 0200 004d | 8997 a003 | 0000 4989 | a798 0300 

  0x0000023acc8ad9cc: ;   {external_word}
  0x0000023acc8ad9cc: 0049 bac9 | 25e6 73fb | 7f00 0041 | 803a 000f | 844e 0000 | 0052 4150 

  0x0000023acc8ad9e4: ;   {metadata({method} {0x0000023b1e423240} 'Robot_step' '(JLcom/cyberbotics/webots/controller/Robot;I)I' in 'com/cyberbotics/webots/controller/wrapperJNI')}
  0x0000023acc8ad9e4: 4151 48ba | 3832 421e | 3b02 0000 | 498b cf48 | 83ec 2040 | f6c4 0f0f | 8419 0000 | 0048 83ec 
  0x0000023acc8ada04: ;   {runtime_call}
  0x0000023acc8ada04: 0848 b830 | eb96 73fb | 7f00 00ff | d048 83c4 | 08e9 0c00 

  0x0000023acc8ada18: ;   {runtime_call}
  0x0000023acc8ada18: 0000 48b8 | 30eb 9673 | fb7f 0000 | ffd0 4883 | c420 4159 | 4158 5a49 | 8d8f b803 | 0000 41c7 
  0x0000023acc8ada38: 874c 0400 | 0004 0000 

  0x0000023acc8ada40: ;   {runtime_call}
  0x0000023acc8ada40: 0048 b823 | 6fa0 e6fb | 7f00 00ff | d0c5 f877 | 41c7 874c | 0400 0005 | 0000 00f0 | 8344 24c0 
  0x0000023acc8ada60: 0049 3baf | 5004 0000 | 0f87 0e00 | 0000 4183 | bf48 0400 | 0000 0f84 | 2b00 0000 | c5f8 7748 
  0x0000023acc8ada80: 8945 f849 | 8bcf 4c8b | e448 83ec | 2048 83e4 

  0x0000023acc8ada90: ;   {runtime_call}
  0x0000023acc8ada90: f048 b8c0 | be62 73fb | 7f00 00ff | d049 8be4 | 4d33 e448 | 8b45 f841 | c787 4c04 | 0000 0800 
  0x0000023acc8adab0: 0000 4183 | bfc8 0400 | 0002 0f84 | 9c00 0000 

  0x0000023acc8adac0: ;   {external_word}
  0x0000023acc8adac0: 49ba c925 | e673 fb7f | 0000 4180 | 3a00 0f84 | 4c00 0000 | 4889 45f8 

  0x0000023acc8adad8: ;   {metadata({method} {0x0000023b1e423240} 'Robot_step' '(JLcom/cyberbotics/webots/controller/Robot;I)I' in 'com/cyberbotics/webots/controller/wrapperJNI')}
  0x0000023acc8adad8: 48ba 3832 | 421e 3b02 | 0000 498b | cf48 83ec | 2040 f6c4 | 0f0f 8419 | 0000 0048 

  0x0000023acc8adaf4: ;   {runtime_call}
  0x0000023acc8adaf4: 83ec 0848 | b830 eb96 | 73fb 7f00 | 00ff d048 | 83c4 08e9 | 0c00 0000 

  0x0000023acc8adb0c: ;   {runtime_call}
  0x0000023acc8adb0c: 48b8 30eb | 9673 fb7f | 0000 ffd0 | 4883 c420 | 488b 45f8 | 49c7 8798 | 0300 0000 | 0000 0049 
  0x0000023acc8adb2c: c787 a003 | 0000 0000 | 0000 c5f8 | 7749 8b8f | 2804 0000 | c781 0001 | 0000 0000 | 0000 c949 
  0x0000023acc8adb4c: 837f 0800 | 0f85 0100 

  0x0000023acc8adb54: ;   {runtime_call StubRoutines (initial stubs)}
  0x0000023acc8adb54: 0000 c3e9 | a433 88ff | c5f8 7748 | 8945 f84c | 8be4 4883 | ec20 4883 

  0x0000023acc8adb6c: ;   {runtime_call}
  0x0000023acc8adb6c: e4f0 48b8 | 6023 9773 | fb7f 0000 | ffd0 498b | e44d 33e4 | 488b 45f8 | e937 ffff | fff4 f4f4 
  0x0000023acc8adb8c: f4f4 f4f4 
[/MachCode]


Compiled method (c1) 1647222  494       3       com.cyberbotics.webots.controller.Robot::step (10 bytes)
 total in heap  [0x0000023ac4d91710,0x0000023ac4d91a88] = 888
 relocation     [0x0000023ac4d91870,0x0000023ac4d918b0] = 64
 main code      [0x0000023ac4d918c0,0x0000023ac4d919d0] = 272
 stub code      [0x0000023ac4d919d0,0x0000023ac4d91a10] = 64
 oops           [0x0000023ac4d91a10,0x0000023ac4d91a18] = 8
 metadata       [0x0000023ac4d91a18,0x0000023ac4d91a20] = 8
 scopes data    [0x0000023ac4d91a20,0x0000023ac4d91a40] = 32
 scopes pcs     [0x0000023ac4d91a40,0x0000023ac4d91a80] = 64
 dependencies   [0x0000023ac4d91a80,0x0000023ac4d91a88] = 8

[Constant Pool (empty)]

[MachCode]
[Entry Point]
  # {method} {0x0000023b1e404c68} 'step' '(I)I' in 'com/cyberbotics/webots/controller/Robot'
  # this:     rdx:rdx   = 'com/cyberbotics/webots/controller/Robot'
  # parm0:    r8        = int
  #           [sp+0x40]  (sp of caller)
  0x0000023ac4d918c0: 448b 5208 | 49bb 0000 | 00dd 3a02 | 0000 4d03 | d34c 3bd0 

  0x0000023ac4d918d4: ;   {runtime_call ic_miss_stub}
  0x0000023ac4d918d4: 0f85 a6ce | 3e07 660f | 1f44 0000 
[Verified Entry Point]
  0x0000023ac4d918e0: 8984 2400 | 80ff ff55 | 4883 ec30 | 4181 7f20 | 0100 0000 

  0x0000023ac4d918f4: ;   {runtime_call StubRoutines (final stubs)}
  0x0000023ac4d918f4: 7405 e865 | 343d 074c | 8bca 498b 

  0x0000023ac4d91900: ;   {metadata(method data for {method} {0x0000023b1e404c68} 'step' '(I)I' in 'com/cyberbotics/webots/controller/Robot')}
  0x0000023ac4d91900: f048 ba48 | b044 1e3b | 0200 0044 | 8b82 cc00 | 0000 4183 | c002 4489 | 82cc 0000 | 0041 81e0 
  0x0000023ac4d91920: fe07 0000 | 4183 f800 | 0f84 4100 | 0000 498b 

  0x0000023ac4d91930: ;   {metadata(method data for {method} {0x0000023b1e404c68} 'step' '(I)I' in 'com/cyberbotics/webots/controller/Robot')}
  0x0000023ac4d91930: 5110 49b8 | 48b0 441e | 3b02 0000 | 4983 8010 | 0100 0001 | 4d8b c14c | 8bce 0f1f 

  0x0000023ac4d9194c: ;   {static_call}
  0x0000023ac4d9194c: 4400 00e8 

  0x0000023ac4d91950: ; ImmutableOopMap {}
                      ;*invokestatic Robot_step {reexecute=0 rethrow=0 return_oop=0}
                      ; - com.cyberbotics.webots.controller.Robot::step@6 (line 409)
  0x0000023ac4d91950: 0cc0 b107 

  0x0000023ac4d91954: ;   {other}
  0x0000023ac4d91954: 0f1f 8400 | 4402 0000 | 4883 c430 

  0x0000023ac4d91960: ;   {poll_return}
  0x0000023ac4d91960: 5d49 3ba7 | 5004 0000 | 0f87 1f00 

  0x0000023ac4d9196c: ;   {metadata({method} {0x0000023b1e404c68} 'step' '(I)I' in 'com/cyberbotics/webots/controller/Robot')}
  0x0000023ac4d9196c: 0000 c349 | ba60 4c40 | 1e3b 0200 | 004c 8954 | 2408 48c7 | 0424 ffff 

  0x0000023ac4d91984: ;   {runtime_call counter_overflow Runtime1 stub}
  0x0000023ac4d91984: ffff e8f5 

  0x0000023ac4d91988: ; ImmutableOopMap {r9=Oop }
                      ;*synchronization entry
                      ; - com.cyberbotics.webots.controller.Robot::step@-1 (line 409)
  0x0000023ac4d91988: 8f4b 07eb 

  0x0000023ac4d9198c: ;   {internal_word}
  0x0000023ac4d9198c: a149 ba61 | 19d9 c43a | 0200 004d | 8997 6804 

  0x0000023ac4d9199c: ;   {runtime_call SafepointBlob}
  0x0000023ac4d9199c: 0000 e95d | 3d3f 0749 | 8b87 0005 | 0000 49c7 | 8700 0500 | 0000 0000 | 0049 c787 | 0805 0000 
  0x0000023ac4d919bc: 0000 0000 | 4883 c430 

  0x0000023ac4d919c4: ;   {runtime_call unwind_exception Runtime1 stub}
  0x0000023ac4d919c4: 5de9 360f | 4b07 f4f4 | f4f4 f4f4 
[Stub Code]
  0x0000023ac4d919d0: ;   {no_reloc}
  0x0000023ac4d919d0: 48bb 0000 | 0000 0000 

  0x0000023ac4d919d8: ;   {runtime_call}
  0x0000023ac4d919d8: 0000 e9fb 

  0x0000023ac4d919dc: ;   {runtime_call handle_exception_from_callee Runtime1 stub}
  0x0000023ac4d919dc: ffff ffe8 | 1c58 4b07 

  0x0000023ac4d919e4: ;   {external_word}
  0x0000023ac4d919e4: 48b9 0028 | be73 fb7f | 0000 4883 

  0x0000023ac4d919f0: ;   {runtime_call}
  0x0000023ac4d919f0: e4f0 48b8 | e00f 8673 | fb7f 0000 

  0x0000023ac4d919fc: ;   {section_word}
  0x0000023ac4d919fc: ffd0 f449 | baff 19d9 | c43a 0200 

  0x0000023ac4d91a08: ;   {runtime_call DeoptimizationBlob}
  0x0000023ac4d91a08: 0041 52e9 | 902f 3f07 
[/MachCode]


---------------  P R O C E S S  ---------------

Threads class SMR info:
_java_thread_list=0x0000023b22b9ca50, length=11, elements={
0x0000023aba903a50, 0x0000023adc99bad0, 0x0000023adc99c340, 0x0000023adc9a34c0,
0x0000023adc9a5fa0, 0x0000023adc9aadc0, 0x0000023adc9adbe0, 0x0000023adcbe87c0,
0x0000023adcc09290, 0x0000023adcd9fcb0, 0x0000023adcda3d40
}

Java Threads: ( => current thread )
=>0x0000023aba903a50 JavaThread "main"                              [_thread_in_native, id=972, stack(0x000000aa30300000,0x000000aa30400000) (1024K)]
  0x0000023adc99bad0 JavaThread "Reference Handler"          daemon [_thread_blocked, id=21144, stack(0x000000aa30b00000,0x000000aa30c00000) (1024K)]
  0x0000023adc99c340 JavaThread "Finalizer"                  daemon [_thread_blocked, id=12784, stack(0x000000aa30c00000,0x000000aa30d00000) (1024K)]
  0x0000023adc9a34c0 JavaThread "Signal Dispatcher"          daemon [_thread_blocked, id=22284, stack(0x000000aa30d00000,0x000000aa30e00000) (1024K)]
  0x0000023adc9a5fa0 JavaThread "Attach Listener"            daemon [_thread_blocked, id=16280, stack(0x000000aa30e00000,0x000000aa30f00000) (1024K)]
  0x0000023adc9aadc0 JavaThread "Service Thread"             daemon [_thread_blocked, id=2684, stack(0x000000aa30f00000,0x000000aa31000000) (1024K)]
  0x0000023adc9adbe0 JavaThread "Monitor Deflation Thread"   daemon [_thread_blocked, id=11256, stack(0x000000aa31000000,0x000000aa31100000) (1024K)]
  0x0000023adcbe87c0 JavaThread "C2 CompilerThread0"         daemon [_thread_blocked, id=21000, stack(0x000000aa31100000,0x000000aa31200000) (1024K)]
  0x0000023adcc09290 JavaThread "C1 CompilerThread0"         daemon [_thread_blocked, id=20704, stack(0x000000aa31200000,0x000000aa31300000) (1024K)]
  0x0000023adcd9fcb0 JavaThread "Notification Thread"        daemon [_thread_blocked, id=9780, stack(0x000000aa31500000,0x000000aa31600000) (1024K)]
  0x0000023adcda3d40 JavaThread "Common-Cleaner"             daemon [_thread_blocked, id=9536, stack(0x000000aa31600000,0x000000aa31700000) (1024K)]
Total: 11

Other Threads:
  0x0000023adc97ef80 VMThread "VM Thread"                           [id=3796, stack(0x000000aa30a00000,0x000000aa30b00000) (1024K)]
  0x0000023adc964b10 WatcherThread "VM Periodic Task Thread"        [id=16044, stack(0x000000aa30900000,0x000000aa30a00000) (1024K)]
  0x0000023abc4d92f0 WorkerThread "GC Thread#0"                     [id=9844, stack(0x000000aa30400000,0x000000aa30500000) (1024K)]
  0x0000023abc4ea9e0 ConcurrentGCThread "G1 Main Marker"            [id=428, stack(0x000000aa30500000,0x000000aa30600000) (1024K)]
  0x0000023abc4eb950 WorkerThread "G1 Conc#0"                       [id=2520, stack(0x000000aa30600000,0x000000aa30700000) (1024K)]
  0x0000023adc8357c0 ConcurrentGCThread "G1 Refine#0"               [id=4500, stack(0x000000aa30700000,0x000000aa30800000) (1024K)]
  0x0000023adc836d60 ConcurrentGCThread "G1 Service"                [id=17340, stack(0x000000aa30800000,0x000000aa30900000) (1024K)]
Total: 7

Threads with active compile tasks:
Total: 0

VM state: not at safepoint (normal execution)

VM Mutex/Monitor currently owned by a thread: None

Heap address: 0x0000000702400000, size: 4060 MB, Compressed Oops mode: Zero based, Oop shift amount: 3

CDS archive(s) mapped at: [0x0000023add000000-0x0000023addc90000-0x0000023addc90000), size 13172736, SharedBaseAddress: 0x0000023add000000, ArchiveRelocationMode: 1.
Compressed class space mapped at: 0x0000023ade000000-0x0000023b1e000000, reserved size: 1073741824
Narrow klass base: 0x0000023add000000, Narrow klass shift: 0, Narrow klass range: 0x100000000

GC Precious Log:
 CardTable entry size: 512
 Card Set container configuration: InlinePtr #cards 4 size 8 Array Of Cards #cards 16 size 48 Howl #buckets 8 coarsen threshold 3686 Howl Bitmap #cards 512 size 80 coarsen threshold 460 Card regions per heap region 1 cards per card region 4096
 CPUs: 16 total, 16 available
 Memory: 16236M
 Large Page Support: Disabled
 NUMA Support: Disabled
 Compressed Oops: Enabled (Zero based)
 Heap Region Size: 2M
 Heap Min Capacity: 8M
 Heap Initial Capacity: 254M
 Heap Max Capacity: 4060M
 Pre-touch: Disabled
 Parallel Workers: 13
 Concurrent Workers: 3
 Concurrent Refinement Workers: 13
 Periodic GC: Disabled

Heap:
 garbage-first heap   total 260096K, used 14336K [0x0000000702400000, 0x0000000800000000)
  region size 2048K, 8 young (16384K), 0 survivors (0K)
 Metaspace       used 980K, committed 1152K, reserved 1114112K
  class space    used 53K, committed 128K, reserved 1048576K

Heap Regions: E=young(eden), S=young(survivor), O=old, HS=humongous(starts), HC=humongous(continues), CS=collection set, F=free, TAMS=top-at-mark-start, PB=parsable bottom
|   0|0x0000000702400000, 0x0000000702400000, 0x0000000702600000|  0%| F|  |TAMS 0x0000000702400000| PB 0x0000000702400000| Untracked 
|   1|0x0000000702600000, 0x0000000702600000, 0x0000000702800000|  0%| F|  |TAMS 0x0000000702600000| PB 0x0000000702600000| Untracked 
|   2|0x0000000702800000, 0x0000000702800000, 0x0000000702a00000|  0%| F|  |TAMS 0x0000000702800000| PB 0x0000000702800000| Untracked 
|   3|0x0000000702a00000, 0x0000000702a00000, 0x0000000702c00000|  0%| F|  |TAMS 0x0000000702a00000| PB 0x0000000702a00000| Untracked 
|   4|0x0000000702c00000, 0x0000000702c00000, 0x0000000702e00000|  0%| F|  |TAMS 0x0000000702c00000| PB 0x0000000702c00000| Untracked 
|   5|0x0000000702e00000, 0x0000000702e00000, 0x0000000703000000|  0%| F|  |TAMS 0x0000000702e00000| PB 0x0000000702e00000| Untracked 
|   6|0x0000000703000000, 0x0000000703000000, 0x0000000703200000|  0%| F|  |TAMS 0x0000000703000000| PB 0x0000000703000000| Untracked 
|   7|0x0000000703200000, 0x0000000703200000, 0x0000000703400000|  0%| F|  |TAMS 0x0000000703200000| PB 0x0000000703200000| Untracked 
|   8|0x0000000703400000, 0x0000000703400000, 0x0000000703600000|  0%| F|  |TAMS 0x0000000703400000| PB 0x0000000703400000| Untracked 
|   9|0x0000000703600000, 0x0000000703600000, 0x0000000703800000|  0%| F|  |TAMS 0x0000000703600000| PB 0x0000000703600000| Untracked 
|  10|0x0000000703800000, 0x0000000703800000, 0x0000000703a00000|  0%| F|  |TAMS 0x0000000703800000| PB 0x0000000703800000| Untracked 
|  11|0x0000000703a00000, 0x0000000703a00000, 0x0000000703c00000|  0%| F|  |TAMS 0x0000000703a00000| PB 0x0000000703a00000| Untracked 
|  12|0x0000000703c00000, 0x0000000703c00000, 0x0000000703e00000|  0%| F|  |TAMS 0x0000000703c00000| PB 0x0000000703c00000| Untracked 
|  13|0x0000000703e00000, 0x0000000703e00000, 0x0000000704000000|  0%| F|  |TAMS 0x0000000703e00000| PB 0x0000000703e00000| Untracked 
|  14|0x0000000704000000, 0x0000000704000000, 0x0000000704200000|  0%| F|  |TAMS 0x0000000704000000| PB 0x0000000704000000| Untracked 
|  15|0x0000000704200000, 0x0000000704200000, 0x0000000704400000|  0%| F|  |TAMS 0x0000000704200000| PB 0x0000000704200000| Untracked 
|  16|0x0000000704400000, 0x0000000704400000, 0x0000000704600000|  0%| F|  |TAMS 0x0000000704400000| PB 0x0000000704400000| Untracked 
|  17|0x0000000704600000, 0x0000000704600000, 0x0000000704800000|  0%| F|  |TAMS 0x0000000704600000| PB 0x0000000704600000| Untracked 
|  18|0x0000000704800000, 0x0000000704800000, 0x0000000704a00000|  0%| F|  |TAMS 0x0000000704800000| PB 0x0000000704800000| Untracked 
|  19|0x0000000704a00000, 0x0000000704a00000, 0x0000000704c00000|  0%| F|  |TAMS 0x0000000704a00000| PB 0x0000000704a00000| Untracked 
|  20|0x0000000704c00000, 0x0000000704c00000, 0x0000000704e00000|  0%| F|  |TAMS 0x0000000704c00000| PB 0x0000000704c00000| Untracked 
|  21|0x0000000704e00000, 0x0000000704e00000, 0x0000000705000000|  0%| F|  |TAMS 0x0000000704e00000| PB 0x0000000704e00000| Untracked 
|  22|0x0000000705000000, 0x0000000705000000, 0x0000000705200000|  0%| F|  |TAMS 0x0000000705000000| PB 0x0000000705000000| Untracked 
|  23|0x0000000705200000, 0x0000000705200000, 0x0000000705400000|  0%| F|  |TAMS 0x0000000705200000| PB 0x0000000705200000| Untracked 
|  24|0x0000000705400000, 0x0000000705400000, 0x0000000705600000|  0%| F|  |TAMS 0x0000000705400000| PB 0x0000000705400000| Untracked 
|  25|0x0000000705600000, 0x0000000705600000, 0x0000000705800000|  0%| F|  |TAMS 0x0000000705600000| PB 0x0000000705600000| Untracked 
|  26|0x0000000705800000, 0x0000000705800000, 0x0000000705a00000|  0%| F|  |TAMS 0x0000000705800000| PB 0x0000000705800000| Untracked 
|  27|0x0000000705a00000, 0x0000000705a00000, 0x0000000705c00000|  0%| F|  |TAMS 0x0000000705a00000| PB 0x0000000705a00000| Untracked 
|  28|0x0000000705c00000, 0x0000000705c00000, 0x0000000705e00000|  0%| F|  |TAMS 0x0000000705c00000| PB 0x0000000705c00000| Untracked 
|  29|0x0000000705e00000, 0x0000000705e00000, 0x0000000706000000|  0%| F|  |TAMS 0x0000000705e00000| PB 0x0000000705e00000| Untracked 
|  30|0x0000000706000000, 0x0000000706000000, 0x0000000706200000|  0%| F|  |TAMS 0x0000000706000000| PB 0x0000000706000000| Untracked 
|  31|0x0000000706200000, 0x0000000706200000, 0x0000000706400000|  0%| F|  |TAMS 0x0000000706200000| PB 0x0000000706200000| Untracked 
|  32|0x0000000706400000, 0x0000000706400000, 0x0000000706600000|  0%| F|  |TAMS 0x0000000706400000| PB 0x0000000706400000| Untracked 
|  33|0x0000000706600000, 0x0000000706600000, 0x0000000706800000|  0%| F|  |TAMS 0x0000000706600000| PB 0x0000000706600000| Untracked 
|  34|0x0000000706800000, 0x0000000706800000, 0x0000000706a00000|  0%| F|  |TAMS 0x0000000706800000| PB 0x0000000706800000| Untracked 
|  35|0x0000000706a00000, 0x0000000706a00000, 0x0000000706c00000|  0%| F|  |TAMS 0x0000000706a00000| PB 0x0000000706a00000| Untracked 
|  36|0x0000000706c00000, 0x0000000706c00000, 0x0000000706e00000|  0%| F|  |TAMS 0x0000000706c00000| PB 0x0000000706c00000| Untracked 
|  37|0x0000000706e00000, 0x0000000706e00000, 0x0000000707000000|  0%| F|  |TAMS 0x0000000706e00000| PB 0x0000000706e00000| Untracked 
|  38|0x0000000707000000, 0x0000000707000000, 0x0000000707200000|  0%| F|  |TAMS 0x0000000707000000| PB 0x0000000707000000| Untracked 
|  39|0x0000000707200000, 0x0000000707200000, 0x0000000707400000|  0%| F|  |TAMS 0x0000000707200000| PB 0x0000000707200000| Untracked 
|  40|0x0000000707400000, 0x0000000707400000, 0x0000000707600000|  0%| F|  |TAMS 0x0000000707400000| PB 0x0000000707400000| Untracked 
|  41|0x0000000707600000, 0x0000000707600000, 0x0000000707800000|  0%| F|  |TAMS 0x0000000707600000| PB 0x0000000707600000| Untracked 
|  42|0x0000000707800000, 0x0000000707800000, 0x0000000707a00000|  0%| F|  |TAMS 0x0000000707800000| PB 0x0000000707800000| Untracked 
|  43|0x0000000707a00000, 0x0000000707a00000, 0x0000000707c00000|  0%| F|  |TAMS 0x0000000707a00000| PB 0x0000000707a00000| Untracked 
|  44|0x0000000707c00000, 0x0000000707c00000, 0x0000000707e00000|  0%| F|  |TAMS 0x0000000707c00000| PB 0x0000000707c00000| Untracked 
|  45|0x0000000707e00000, 0x0000000707e00000, 0x0000000708000000|  0%| F|  |TAMS 0x0000000707e00000| PB 0x0000000707e00000| Untracked 
|  46|0x0000000708000000, 0x0000000708000000, 0x0000000708200000|  0%| F|  |TAMS 0x0000000708000000| PB 0x0000000708000000| Untracked 
|  47|0x0000000708200000, 0x0000000708200000, 0x0000000708400000|  0%| F|  |TAMS 0x0000000708200000| PB 0x0000000708200000| Untracked 
|  48|0x0000000708400000, 0x0000000708400000, 0x0000000708600000|  0%| F|  |TAMS 0x0000000708400000| PB 0x0000000708400000| Untracked 
|  49|0x0000000708600000, 0x0000000708600000, 0x0000000708800000|  0%| F|  |TAMS 0x0000000708600000| PB 0x0000000708600000| Untracked 
|  50|0x0000000708800000, 0x0000000708800000, 0x0000000708a00000|  0%| F|  |TAMS 0x0000000708800000| PB 0x0000000708800000| Untracked 
|  51|0x0000000708a00000, 0x0000000708a00000, 0x0000000708c00000|  0%| F|  |TAMS 0x0000000708a00000| PB 0x0000000708a00000| Untracked 
|  52|0x0000000708c00000, 0x0000000708c00000, 0x0000000708e00000|  0%| F|  |TAMS 0x0000000708c00000| PB 0x0000000708c00000| Untracked 
|  53|0x0000000708e00000, 0x0000000708e00000, 0x0000000709000000|  0%| F|  |TAMS 0x0000000708e00000| PB 0x0000000708e00000| Untracked 
|  54|0x0000000709000000, 0x0000000709000000, 0x0000000709200000|  0%| F|  |TAMS 0x0000000709000000| PB 0x0000000709000000| Untracked 
|  55|0x0000000709200000, 0x0000000709200000, 0x0000000709400000|  0%| F|  |TAMS 0x0000000709200000| PB 0x0000000709200000| Untracked 
|  56|0x0000000709400000, 0x0000000709400000, 0x0000000709600000|  0%| F|  |TAMS 0x0000000709400000| PB 0x0000000709400000| Untracked 
|  57|0x0000000709600000, 0x0000000709600000, 0x0000000709800000|  0%| F|  |TAMS 0x0000000709600000| PB 0x0000000709600000| Untracked 
|  58|0x0000000709800000, 0x0000000709800000, 0x0000000709a00000|  0%| F|  |TAMS 0x0000000709800000| PB 0x0000000709800000| Untracked 
|  59|0x0000000709a00000, 0x0000000709a00000, 0x0000000709c00000|  0%| F|  |TAMS 0x0000000709a00000| PB 0x0000000709a00000| Untracked 
|  60|0x0000000709c00000, 0x0000000709c00000, 0x0000000709e00000|  0%| F|  |TAMS 0x0000000709c00000| PB 0x0000000709c00000| Untracked 
|  61|0x0000000709e00000, 0x0000000709e00000, 0x000000070a000000|  0%| F|  |TAMS 0x0000000709e00000| PB 0x0000000709e00000| Untracked 
|  62|0x000000070a000000, 0x000000070a000000, 0x000000070a200000|  0%| F|  |TAMS 0x000000070a000000| PB 0x000000070a000000| Untracked 
|  63|0x000000070a200000, 0x000000070a200000, 0x000000070a400000|  0%| F|  |TAMS 0x000000070a200000| PB 0x000000070a200000| Untracked 
|  64|0x000000070a400000, 0x000000070a400000, 0x000000070a600000|  0%| F|  |TAMS 0x000000070a400000| PB 0x000000070a400000| Untracked 
|  65|0x000000070a600000, 0x000000070a600000, 0x000000070a800000|  0%| F|  |TAMS 0x000000070a600000| PB 0x000000070a600000| Untracked 
|  66|0x000000070a800000, 0x000000070a800000, 0x000000070aa00000|  0%| F|  |TAMS 0x000000070a800000| PB 0x000000070a800000| Untracked 
|  67|0x000000070aa00000, 0x000000070aa00000, 0x000000070ac00000|  0%| F|  |TAMS 0x000000070aa00000| PB 0x000000070aa00000| Untracked 
|  68|0x000000070ac00000, 0x000000070ac00000, 0x000000070ae00000|  0%| F|  |TAMS 0x000000070ac00000| PB 0x000000070ac00000| Untracked 
|  69|0x000000070ae00000, 0x000000070ae00000, 0x000000070b000000|  0%| F|  |TAMS 0x000000070ae00000| PB 0x000000070ae00000| Untracked 
|  70|0x000000070b000000, 0x000000070b000000, 0x000000070b200000|  0%| F|  |TAMS 0x000000070b000000| PB 0x000000070b000000| Untracked 
|  71|0x000000070b200000, 0x000000070b200000, 0x000000070b400000|  0%| F|  |TAMS 0x000000070b200000| PB 0x000000070b200000| Untracked 
|  72|0x000000070b400000, 0x000000070b400000, 0x000000070b600000|  0%| F|  |TAMS 0x000000070b400000| PB 0x000000070b400000| Untracked 
|  73|0x000000070b600000, 0x000000070b600000, 0x000000070b800000|  0%| F|  |TAMS 0x000000070b600000| PB 0x000000070b600000| Untracked 
|  74|0x000000070b800000, 0x000000070b800000, 0x000000070ba00000|  0%| F|  |TAMS 0x000000070b800000| PB 0x000000070b800000| Untracked 
|  75|0x000000070ba00000, 0x000000070ba00000, 0x000000070bc00000|  0%| F|  |TAMS 0x000000070ba00000| PB 0x000000070ba00000| Untracked 
|  76|0x000000070bc00000, 0x000000070bc00000, 0x000000070be00000|  0%| F|  |TAMS 0x000000070bc00000| PB 0x000000070bc00000| Untracked 
|  77|0x000000070be00000, 0x000000070be00000, 0x000000070c000000|  0%| F|  |TAMS 0x000000070be00000| PB 0x000000070be00000| Untracked 
|  78|0x000000070c000000, 0x000000070c000000, 0x000000070c200000|  0%| F|  |TAMS 0x000000070c000000| PB 0x000000070c000000| Untracked 
|  79|0x000000070c200000, 0x000000070c200000, 0x000000070c400000|  0%| F|  |TAMS 0x000000070c200000| PB 0x000000070c200000| Untracked 
|  80|0x000000070c400000, 0x000000070c400000, 0x000000070c600000|  0%| F|  |TAMS 0x000000070c400000| PB 0x000000070c400000| Untracked 
|  81|0x000000070c600000, 0x000000070c600000, 0x000000070c800000|  0%| F|  |TAMS 0x000000070c600000| PB 0x000000070c600000| Untracked 
|  82|0x000000070c800000, 0x000000070c800000, 0x000000070ca00000|  0%| F|  |TAMS 0x000000070c800000| PB 0x000000070c800000| Untracked 
|  83|0x000000070ca00000, 0x000000070ca00000, 0x000000070cc00000|  0%| F|  |TAMS 0x000000070ca00000| PB 0x000000070ca00000| Untracked 
|  84|0x000000070cc00000, 0x000000070cc00000, 0x000000070ce00000|  0%| F|  |TAMS 0x000000070cc00000| PB 0x000000070cc00000| Untracked 
|  85|0x000000070ce00000, 0x000000070ce00000, 0x000000070d000000|  0%| F|  |TAMS 0x000000070ce00000| PB 0x000000070ce00000| Untracked 
|  86|0x000000070d000000, 0x000000070d000000, 0x000000070d200000|  0%| F|  |TAMS 0x000000070d000000| PB 0x000000070d000000| Untracked 
|  87|0x000000070d200000, 0x000000070d200000, 0x000000070d400000|  0%| F|  |TAMS 0x000000070d200000| PB 0x000000070d200000| Untracked 
|  88|0x000000070d400000, 0x000000070d400000, 0x000000070d600000|  0%| F|  |TAMS 0x000000070d400000| PB 0x000000070d400000| Untracked 
|  89|0x000000070d600000, 0x000000070d600000, 0x000000070d800000|  0%| F|  |TAMS 0x000000070d600000| PB 0x000000070d600000| Untracked 
|  90|0x000000070d800000, 0x000000070d800000, 0x000000070da00000|  0%| F|  |TAMS 0x000000070d800000| PB 0x000000070d800000| Untracked 
|  91|0x000000070da00000, 0x000000070da00000, 0x000000070dc00000|  0%| F|  |TAMS 0x000000070da00000| PB 0x000000070da00000| Untracked 
|  92|0x000000070dc00000, 0x000000070dc00000, 0x000000070de00000|  0%| F|  |TAMS 0x000000070dc00000| PB 0x000000070dc00000| Untracked 
|  93|0x000000070de00000, 0x000000070de00000, 0x000000070e000000|  0%| F|  |TAMS 0x000000070de00000| PB 0x000000070de00000| Untracked 
|  94|0x000000070e000000, 0x000000070e000000, 0x000000070e200000|  0%| F|  |TAMS 0x000000070e000000| PB 0x000000070e000000| Untracked 
|  95|0x000000070e200000, 0x000000070e200000, 0x000000070e400000|  0%| F|  |TAMS 0x000000070e200000| PB 0x000000070e200000| Untracked 
|  96|0x000000070e400000, 0x000000070e400000, 0x000000070e600000|  0%| F|  |TAMS 0x000000070e400000| PB 0x000000070e400000| Untracked 
|  97|0x000000070e600000, 0x000000070e600000, 0x000000070e800000|  0%| F|  |TAMS 0x000000070e600000| PB 0x000000070e600000| Untracked 
|  98|0x000000070e800000, 0x000000070e800000, 0x000000070ea00000|  0%| F|  |TAMS 0x000000070e800000| PB 0x000000070e800000| Untracked 
|  99|0x000000070ea00000, 0x000000070ea00000, 0x000000070ec00000|  0%| F|  |TAMS 0x000000070ea00000| PB 0x000000070ea00000| Untracked 
| 100|0x000000070ec00000, 0x000000070ec00000, 0x000000070ee00000|  0%| F|  |TAMS 0x000000070ec00000| PB 0x000000070ec00000| Untracked 
| 101|0x000000070ee00000, 0x000000070ee00000, 0x000000070f000000|  0%| F|  |TAMS 0x000000070ee00000| PB 0x000000070ee00000| Untracked 
| 102|0x000000070f000000, 0x000000070f000000, 0x000000070f200000|  0%| F|  |TAMS 0x000000070f000000| PB 0x000000070f000000| Untracked 
| 103|0x000000070f200000, 0x000000070f200000, 0x000000070f400000|  0%| F|  |TAMS 0x000000070f200000| PB 0x000000070f200000| Untracked 
| 104|0x000000070f400000, 0x000000070f400000, 0x000000070f600000|  0%| F|  |TAMS 0x000000070f400000| PB 0x000000070f400000| Untracked 
| 105|0x000000070f600000, 0x000000070f600000, 0x000000070f800000|  0%| F|  |TAMS 0x000000070f600000| PB 0x000000070f600000| Untracked 
| 106|0x000000070f800000, 0x000000070f800000, 0x000000070fa00000|  0%| F|  |TAMS 0x000000070f800000| PB 0x000000070f800000| Untracked 
| 107|0x000000070fa00000, 0x000000070fa00000, 0x000000070fc00000|  0%| F|  |TAMS 0x000000070fa00000| PB 0x000000070fa00000| Untracked 
| 108|0x000000070fc00000, 0x000000070fc00000, 0x000000070fe00000|  0%| F|  |TAMS 0x000000070fc00000| PB 0x000000070fc00000| Untracked 
| 109|0x000000070fe00000, 0x000000070fe00000, 0x0000000710000000|  0%| F|  |TAMS 0x000000070fe00000| PB 0x000000070fe00000| Untracked 
| 110|0x0000000710000000, 0x0000000710000000, 0x0000000710200000|  0%| F|  |TAMS 0x0000000710000000| PB 0x0000000710000000| Untracked 
| 111|0x0000000710200000, 0x0000000710200000, 0x0000000710400000|  0%| F|  |TAMS 0x0000000710200000| PB 0x0000000710200000| Untracked 
| 112|0x0000000710400000, 0x0000000710400000, 0x0000000710600000|  0%| F|  |TAMS 0x0000000710400000| PB 0x0000000710400000| Untracked 
| 113|0x0000000710600000, 0x0000000710600000, 0x0000000710800000|  0%| F|  |TAMS 0x0000000710600000| PB 0x0000000710600000| Untracked 
| 114|0x0000000710800000, 0x0000000710800000, 0x0000000710a00000|  0%| F|  |TAMS 0x0000000710800000| PB 0x0000000710800000| Untracked 
| 115|0x0000000710a00000, 0x0000000710a00000, 0x0000000710c00000|  0%| F|  |TAMS 0x0000000710a00000| PB 0x0000000710a00000| Untracked 
| 116|0x0000000710c00000, 0x0000000710c00000, 0x0000000710e00000|  0%| F|  |TAMS 0x0000000710c00000| PB 0x0000000710c00000| Untracked 
| 117|0x0000000710e00000, 0x0000000710e00000, 0x0000000711000000|  0%| F|  |TAMS 0x0000000710e00000| PB 0x0000000710e00000| Untracked 
| 118|0x0000000711000000, 0x0000000711000000, 0x0000000711200000|  0%| F|  |TAMS 0x0000000711000000| PB 0x0000000711000000| Untracked 
| 119|0x0000000711200000, 0x00000007113c3180, 0x0000000711400000| 88%| E|  |TAMS 0x0000000711200000| PB 0x0000000711200000| Complete 
| 120|0x0000000711400000, 0x0000000711600000, 0x0000000711600000|100%| E|CS|TAMS 0x0000000711400000| PB 0x0000000711400000| Complete 
| 121|0x0000000711600000, 0x0000000711800000, 0x0000000711800000|100%| E|CS|TAMS 0x0000000711600000| PB 0x0000000711600000| Complete 
| 122|0x0000000711800000, 0x0000000711a00000, 0x0000000711a00000|100%| E|CS|TAMS 0x0000000711800000| PB 0x0000000711800000| Complete 
| 123|0x0000000711a00000, 0x0000000711c00000, 0x0000000711c00000|100%| E|CS|TAMS 0x0000000711a00000| PB 0x0000000711a00000| Complete 
| 124|0x0000000711c00000, 0x0000000711e00000, 0x0000000711e00000|100%| E|CS|TAMS 0x0000000711c00000| PB 0x0000000711c00000| Complete 
| 125|0x0000000711e00000, 0x0000000712000000, 0x0000000712000000|100%| E|CS|TAMS 0x0000000711e00000| PB 0x0000000711e00000| Complete 
| 126|0x0000000712000000, 0x0000000712200000, 0x0000000712200000|100%| E|CS|TAMS 0x0000000712000000| PB 0x0000000712000000| Complete 

Card table byte_map: [0x0000023ad53c0000,0x0000023ad5bb0000] _byte_map_base: 0x0000023ad1bae000

Marking Bits: (CMBitMap*) 0x0000023abc4d99f0
 Bits: [0x0000023ad5bb0000, 0x0000023ad9b20000)

Polling page: 0x0000023abab60000

Metaspace:

Usage:
  Non-class:    926.45 KB used.
      Class:     53.77 KB used.
       Both:    980.22 KB used.

Virtual space:
  Non-class space:       64.00 MB reserved,       1.00 MB (  2%) committed,  1 nodes.
      Class space:        1.00 GB reserved,     128.00 KB ( <1%) committed,  1 nodes.
             Both:        1.06 GB reserved,       1.12 MB ( <1%) committed. 

Chunk freelists:
   Non-Class:  11.63 MB
       Class:  15.71 MB
        Both:  27.34 MB

MaxMetaspaceSize: unlimited
CompressedClassSpaceSize: 1.00 GB
Initial GC threshold: 21.00 MB
Current GC threshold: 21.00 MB
CDS: on
 - commit_granule_bytes: 65536.
 - commit_granule_words: 8192.
 - virtual_space_node_default_size: 8388608.
 - enlarge_chunks_in_place: 1.
 - use_allocation_guard: 0.


Internal statistics:

num_allocs_failed_limit: 0.
num_arena_births: 38.
num_arena_deaths: 0.
num_vsnodes_births: 2.
num_vsnodes_deaths: 0.
num_space_committed: 18.
num_space_uncommitted: 0.
num_chunks_returned_to_freelist: 0.
num_chunks_taken_from_freelist: 60.
num_chunk_merges: 0.
num_chunk_splits: 39.
num_chunks_enlarged: 28.
num_inconsistent_stats: 0.

CodeHeap 'non-profiled nmethods': size=119168Kb used=362Kb max_used=362Kb free=118805Kb
 bounds [0x0000023acc880000, 0x0000023accaf0000, 0x0000023ad3ce0000]
CodeHeap 'profiled nmethods': size=119104Kb used=766Kb max_used=766Kb free=118337Kb
 bounds [0x0000023ac4ce0000, 0x0000023ac4f50000, 0x0000023acc130000]
CodeHeap 'non-nmethods': size=7488Kb used=1334Kb max_used=3039Kb free=6153Kb
 bounds [0x0000023acc130000, 0x0000023acc430000, 0x0000023acc880000]
 total_blobs=1000 nmethods=557 adapters=348
 compilation: enabled
              stopped_count=0, restarted_count=0
 full_count=0

Compilation events (20 events):
Event: 230.464 Thread 0x0000023adcc09290  547       3       java.util.Formatter$FormatSpecifier::addZeros (112 bytes)
Event: 230.464 Thread 0x0000023adcc09290 nmethod 547 0x0000023ac4d9cf90 code [0x0000023ac4d9d1c0, 0x0000023ac4d9d8e8]
Event: 232.343 Thread 0x0000023adcbe87c0  548 %     4       PioneerProxSensors1::paint @ 532 (650 bytes)
Event: 232.362 Thread 0x0000023adcbe87c0 nmethod 548% 0x0000023acc8cf910 code [0x0000023acc8cfc40, 0x0000023acc8d16d0]
Event: 235.791 Thread 0x0000023adcbe87c0  549       4       PioneerProxSensors1::paint (650 bytes)
Event: 235.814 Thread 0x0000023adcbe87c0 nmethod 549 0x0000023acc8d2590 code [0x0000023acc8d29a0, 0x0000023acc8d4be8]
Event: 236.463 Thread 0x0000023adcc09290  550       3       jdk.internal.math.FormattedFPDecimal::valueOf (96 bytes)
Event: 236.464 Thread 0x0000023adcc09290 nmethod 550 0x0000023ac4d9db90 code [0x0000023ac4d9dec0, 0x0000023ac4d9f108]
Event: 237.089 Thread 0x0000023adcc09290  551       3       jdk.internal.math.FormattedFPDecimal::plain (22 bytes)
Event: 237.089 Thread 0x0000023adcc09290 nmethod 551 0x0000023ac4d9f790 code [0x0000023ac4d9f940, 0x0000023ac4d9fad8]
Event: 240.934 Thread 0x0000023adcbe87c0  552       4       java.util.Formatter$FormatSpecifier::print (912 bytes)
Event: 240.965 Thread 0x0000023adcbe87c0 nmethod 552 0x0000023acc8d5b90 code [0x0000023acc8d5ec0, 0x0000023acc8d8438]
Event: 241.840 Thread 0x0000023adcbe87c0  553       4       jdk.internal.math.DoubleToDecimal::rop (58 bytes)
Event: 241.840 Thread 0x0000023adcbe87c0 nmethod 553 0x0000023acc8d9890 code [0x0000023acc8d9a00, 0x0000023acc8d9aa8]
Event: 540.091 Thread 0x0000023adcc09290  554       1       java.util.concurrent.locks.AbstractQueuedSynchronizer::getState (5 bytes)
Event: 540.091 Thread 0x0000023adcc09290 nmethod 554 0x0000023acc8d9b90 code [0x0000023acc8d9d20, 0x0000023acc8d9de8]
Event: 660.112 Thread 0x0000023adcc09290  555       1       java.util.concurrent.locks.AbstractOwnableSynchronizer::getExclusiveOwnerThread (5 bytes)
Event: 660.112 Thread 0x0000023adcc09290 nmethod 555 0x0000023acc8d9e90 code [0x0000023acc8da020, 0x0000023acc8da0f0]
Event: 1020.161 Thread 0x0000023adcc09290  556       1       java.util.concurrent.locks.AbstractQueuedSynchronizer::setState (6 bytes)
Event: 1020.161 Thread 0x0000023adcc09290 nmethod 556 0x0000023acc8da190 code [0x0000023acc8da320, 0x0000023acc8da3f0]

GC Heap History (0 events):
No events

Dll operation events (7 events):
Event: 0.008 Loaded shared library F:\Program Files\Java\jdk-21\bin\java.dll
Event: 0.034 Loaded shared library F:\Program Files\Java\jdk-21\bin\jsvml.dll
Event: 0.046 Loaded shared library F:\Program Files\Java\jdk-21\bin\net.dll
Event: 0.048 Loaded shared library F:\Program Files\Java\jdk-21\bin\nio.dll
Event: 0.051 Loaded shared library F:\Program Files\Java\jdk-21\bin\zip.dll
Event: 0.060 Loaded shared library E:\Program Files\Webots\lib\controller\java\JavaController.dll
Event: 0.144 Loaded shared library F:\Program Files\Java\jdk-21\bin\jimage.dll

Deoptimization events (20 events):
Event: 0.168 Thread 0x0000023aba903a50 DEOPT PACKING pc=0x0000023acc898760 sp=0x000000aa303fee00
Event: 0.168 Thread 0x0000023aba903a50 DEOPT UNPACKING pc=0x0000023acc1846a2 sp=0x000000aa303fedb8 mode 2
Event: 230.215 Thread 0x0000023aba903a50 Uncommon trap: trap_request=0xffffff45 fr.pc=0x0000023acc8cdae8 relative=0x00000000000020a8
Event: 230.215 Thread 0x0000023aba903a50 Uncommon trap: reason=unstable_if action=reinterpret pc=0x0000023acc8cdae8 method=jdk.internal.math.FormattedFPDecimal.round(J)V @ 123 c2
Event: 230.215 Thread 0x0000023aba903a50 DEOPT PACKING pc=0x0000023acc8cdae8 sp=0x000000aa303ff0b0
Event: 230.215 Thread 0x0000023aba903a50 DEOPT UNPACKING pc=0x0000023acc1846a2 sp=0x000000aa303feef0 mode 2
Event: 230.215 Thread 0x0000023aba903a50 Uncommon trap: trap_request=0xffffff45 fr.pc=0x0000023acc8c9dd4 relative=0x0000000000000ab4
Event: 230.215 Thread 0x0000023aba903a50 Uncommon trap: reason=unstable_if action=reinterpret pc=0x0000023acc8c9dd4 method=java.util.Formatter$FormatSpecifier.addZeros(Ljava/lang/StringBuilder;I)V @ 92 c2
Event: 230.215 Thread 0x0000023aba903a50 DEOPT PACKING pc=0x0000023acc8c9dd4 sp=0x000000aa303fefe0
Event: 230.215 Thread 0x0000023aba903a50 DEOPT UNPACKING pc=0x0000023acc1846a2 sp=0x000000aa303fefd0 mode 2
Event: 235.791 Thread 0x0000023aba903a50 DEOPT PACKING pc=0x0000023ac4d8bde1 sp=0x000000aa303ff250
Event: 235.791 Thread 0x0000023aba903a50 DEOPT UNPACKING pc=0x0000023acc184e42 sp=0x000000aa303fe838 mode 0
Event: 236.183 Thread 0x0000023aba903a50 Uncommon trap: trap_request=0xffffff45 fr.pc=0x0000023acc8c81f0 relative=0x00000000000008d0
Event: 236.183 Thread 0x0000023aba903a50 Uncommon trap: reason=unstable_if action=reinterpret pc=0x0000023acc8c81f0 method=jdk.internal.math.FormattedFPDecimal.round(J)V @ 123 c2
Event: 236.183 Thread 0x0000023aba903a50 DEOPT PACKING pc=0x0000023acc8c81f0 sp=0x000000aa303ff0b0
Event: 236.183 Thread 0x0000023aba903a50 DEOPT UNPACKING pc=0x0000023acc1846a2 sp=0x000000aa303fef88 mode 2
Event: 236.841 Thread 0x0000023aba903a50 Uncommon trap: trap_request=0xffffff45 fr.pc=0x0000023acc8c7334 relative=0x0000000000000554
Event: 236.841 Thread 0x0000023aba903a50 Uncommon trap: reason=unstable_if action=reinterpret pc=0x0000023acc8c7334 method=jdk.internal.math.FormattedFPDecimal.round(J)V @ 123 c2
Event: 236.841 Thread 0x0000023aba903a50 DEOPT PACKING pc=0x0000023acc8c7334 sp=0x000000aa303fefb0
Event: 236.841 Thread 0x0000023aba903a50 DEOPT UNPACKING pc=0x0000023acc1846a2 sp=0x000000aa303feef8 mode 2

Classes loaded (20 events):
Event: 0.138 Loading class java/lang/FdLibm$Atan
Event: 0.138 Loading class java/lang/FdLibm$Atan done
Event: 0.141 Loading class jdk/internal/math/FormattedFPDecimal
Event: 0.142 Loading class jdk/internal/math/FormattedFPDecimal done
Event: 0.143 Loading class jdk/internal/module/ModulePatcher$PatchedModuleReader
Event: 0.144 Loading class jdk/internal/module/ModulePatcher$PatchedModuleReader done
Event: 0.145 Loading class sun/net/www/protocol/jrt/Handler
Event: 0.145 Loading class sun/net/www/protocol/jrt/Handler done
Event: 0.148 Loading class sun/util/resources/LocaleData$CommonResourceBundleProvider
Event: 0.148 Loading class sun/util/resources/LocaleData$LocaleDataResourceBundleProvider
Event: 0.148 Loading class java/util/spi/ResourceBundleProvider
Event: 0.148 Loading class java/util/spi/ResourceBundleProvider done
Event: 0.148 Loading class sun/util/resources/LocaleData$LocaleDataResourceBundleProvider done
Event: 0.148 Loading class sun/util/resources/LocaleData$CommonResourceBundleProvider done
Event: 0.149 Loading class sun/util/resources/Bundles$2
Event: 0.149 Loading class sun/util/resources/Bundles$2 done
Event: 0.150 Loading class java/lang/InstantiationException
Event: 0.150 Loading class java/lang/InstantiationException done
Event: 0.150 Loading class java/lang/IllegalAccessException
Event: 0.150 Loading class java/lang/IllegalAccessException done

Classes unloaded (0 events):
No events

Classes redefined (0 events):
No events

Internal exceptions (0 events):
No events

ZGC Phase Switch (0 events):
No events

VM Operations (20 events):
Event: 0.053 Executing VM operation: HandshakeAllThreads (Deoptimize)
Event: 0.053 Executing VM operation: HandshakeAllThreads (Deoptimize) done
Event: 1.055 Executing VM operation: Cleanup
Event: 1.055 Executing VM operation: Cleanup done
Event: 2.067 Executing VM operation: Cleanup
Event: 2.067 Executing VM operation: Cleanup done
Event: 3.078 Executing VM operation: Cleanup
Event: 3.078 Executing VM operation: Cleanup done
Event: 4.086 Executing VM operation: Cleanup
Event: 4.086 Executing VM operation: Cleanup done
Event: 6.106 Executing VM operation: Cleanup
Event: 6.106 Executing VM operation: Cleanup done
Event: 7.121 Executing VM operation: Cleanup
Event: 7.121 Executing VM operation: Cleanup done
Event: 11.168 Executing VM operation: Cleanup
Event: 11.168 Executing VM operation: Cleanup done
Event: 12.181 Executing VM operation: Cleanup
Event: 12.181 Executing VM operation: Cleanup done
Event: 236.485 Executing VM operation: Cleanup
Event: 236.485 Executing VM operation: Cleanup done

Events (20 events):
Event: 0.033 Thread 0x0000023adc9a34c0 Thread added: 0x0000023adc9a34c0
Event: 0.033 Thread 0x0000023adc9a5fa0 Thread added: 0x0000023adc9a5fa0
Event: 0.033 Thread 0x0000023adc9aadc0 Thread added: 0x0000023adc9aadc0
Event: 0.033 Thread 0x0000023adc9adbe0 Thread added: 0x0000023adc9adbe0
Event: 0.033 Thread 0x0000023adcbe87c0 Thread added: 0x0000023adcbe87c0
Event: 0.033 Thread 0x0000023adcc09290 Thread added: 0x0000023adcc09290
Event: 0.040 Thread 0x0000023adcd43870 Thread added: 0x0000023adcd43870
Event: 0.041 Thread 0x0000023adcd7b1a0 Thread added: 0x0000023adcd7b1a0
Event: 0.042 Thread 0x0000023adcd9fcb0 Thread added: 0x0000023adcd9fcb0
Event: 0.044 Thread 0x0000023adcda3d40 Thread added: 0x0000023adcda3d40
Event: 0.154 Thread 0x0000023adce12fc0 Thread added: 0x0000023adce12fc0
Event: 0.296 Thread 0x0000023adce12fc0 Thread exited: 0x0000023adce12fc0
Event: 0.890 Thread 0x0000023b2229c450 Thread added: 0x0000023b2229c450
Event: 1.901 Thread 0x0000023b2229c450 Thread exited: 0x0000023b2229c450
Event: 1.935 Thread 0x0000023adcd7b1a0 Thread exited: 0x0000023adcd7b1a0
Event: 2.244 Thread 0x0000023adcd43870 Thread exited: 0x0000023adcd43870
Event: 13.811 Thread 0x0000023b222fdd40 Thread added: 0x0000023b222fdd40
Event: 13.811 Thread 0x0000023b2266d7e0 Thread added: 0x0000023b2266d7e0
Event: 17.308 Thread 0x0000023b2266d7e0 Thread exited: 0x0000023b2266d7e0
Event: 22.317 Thread 0x0000023b222fdd40 Thread exited: 0x0000023b222fdd40


Dynamic libraries:
0x00007ff6f6630000 - 0x00007ff6f6640000 	F:\Program Files\Java\jdk-21\bin\javaw.exe
0x00007ffbff250000 - 0x00007ffbff467000 	C:\WINDOWS\SYSTEM32\ntdll.dll
0x00007ffbfde10000 - 0x00007ffbfded4000 	C:\WINDOWS\System32\KERNEL32.DLL
0x00007ffbfcb50000 - 0x00007ffbfcef6000 	C:\WINDOWS\System32\KERNELBASE.dll
0x00007ffbfc6e0000 - 0x00007ffbfc7f1000 	C:\WINDOWS\System32\ucrtbase.dll
0x00007ffbf7ea0000 - 0x00007ffbf7ebb000 	F:\Program Files\Java\jdk-21\bin\VCRUNTIME140.dll
0x00007ffbf2ba0000 - 0x00007ffbf2bb9000 	F:\Program Files\Java\jdk-21\bin\jli.dll
0x00007ffbfe780000 - 0x00007ffbfe831000 	C:\WINDOWS\System32\ADVAPI32.dll
0x00007ffbfd290000 - 0x00007ffbfd337000 	C:\WINDOWS\System32\msvcrt.dll
0x00007ffbfd4f0000 - 0x00007ffbfd595000 	C:\WINDOWS\System32\sechost.dll
0x00007ffbfda70000 - 0x00007ffbfdb87000 	C:\WINDOWS\System32\RPCRT4.dll
0x00007ffbfd5b0000 - 0x00007ffbfd75e000 	C:\WINDOWS\System32\USER32.dll
0x00007ffbfc5c0000 - 0x00007ffbfc5e6000 	C:\WINDOWS\System32\win32u.dll
0x00007ffbfda40000 - 0x00007ffbfda69000 	C:\WINDOWS\System32\GDI32.dll
0x00007ffbfc8c0000 - 0x00007ffbfc9d8000 	C:\WINDOWS\System32\gdi32full.dll
0x00007ffbfcf00000 - 0x00007ffbfcf9a000 	C:\WINDOWS\System32\msvcp_win.dll
0x00007ffbd8010000 - 0x00007ffbd82a3000 	C:\WINDOWS\WinSxS\amd64_microsoft.windows.common-controls_6595b64144ccf1df_6.0.22621.2506_none_270c5ae97388e100\COMCTL32.dll
0x00007ffbfc200000 - 0x00007ffbfc20a000 	C:\WINDOWS\SYSTEM32\VERSION.dll
0x00007ffbfe740000 - 0x00007ffbfe771000 	C:\WINDOWS\System32\IMM32.DLL
0x0000000065f20000 - 0x0000000065f2d000 	E:\Program Files (x86)\360\360Safe\safemon\SafeWrapper.dll
0x00007ffbe8270000 - 0x00007ffbe831c000 	E:\Program Files (x86)\360\360Safe\safemon\libzdtp64.dll
0x00007ffbfdee0000 - 0x00007ffbfe73a000 	C:\WINDOWS\System32\SHELL32.dll
0x00007ffbfd490000 - 0x00007ffbfd4ee000 	C:\WINDOWS\System32\SHLWAPI.dll
0x00007ffbf8100000 - 0x00007ffbf810c000 	F:\Program Files\Java\jdk-21\bin\vcruntime140_1.dll
0x00007ffbe6bf0000 - 0x00007ffbe6c7e000 	F:\Program Files\Java\jdk-21\bin\msvcp140.dll
0x00007ffb73240000 - 0x00007ffb73f55000 	F:\Program Files\Java\jdk-21\bin\server\jvm.dll
0x00007ffbff180000 - 0x00007ffbff1f1000 	C:\WINDOWS\System32\WS2_32.dll
0x00007ffbfb360000 - 0x00007ffbfb3ad000 	C:\WINDOWS\SYSTEM32\POWRPROF.dll
0x00007ffbeda10000 - 0x00007ffbeda44000 	C:\WINDOWS\SYSTEM32\WINMM.dll
0x00007ffbfb340000 - 0x00007ffbfb353000 	C:\WINDOWS\SYSTEM32\UMPDC.dll
0x00007ffbfb5a0000 - 0x00007ffbfb5b8000 	C:\WINDOWS\SYSTEM32\kernel.appcore.dll
0x00007ffbf58b0000 - 0x00007ffbf58ba000 	F:\Program Files\Java\jdk-21\bin\jimage.dll
0x00007ffbf9d10000 - 0x00007ffbf9f43000 	C:\WINDOWS\SYSTEM32\DBGHELP.DLL
0x00007ffbfed40000 - 0x00007ffbff0c9000 	C:\WINDOWS\System32\combase.dll
0x00007ffbfdd30000 - 0x00007ffbfde07000 	C:\WINDOWS\System32\OLEAUT32.dll
0x00007ffbf2c50000 - 0x00007ffbf2c82000 	C:\WINDOWS\SYSTEM32\dbgcore.DLL
0x00007ffbfc5f0000 - 0x00007ffbfc66a000 	C:\WINDOWS\System32\bcryptPrimitives.dll
0x00007ffbf2b50000 - 0x00007ffbf2b6f000 	F:\Program Files\Java\jdk-21\bin\java.dll
0x00007ffbfa430000 - 0x00007ffbfad26000 	C:\WINDOWS\SYSTEM32\windows.storage.dll
0x00007ffbfa2f0000 - 0x00007ffbfa42e000 	C:\WINDOWS\SYSTEM32\wintypes.dll
0x00007ffbfd920000 - 0x00007ffbfda13000 	C:\WINDOWS\System32\SHCORE.dll
0x00007ffbfc4f0000 - 0x00007ffbfc516000 	C:\WINDOWS\SYSTEM32\profapi.dll
0x00007ffbd6650000 - 0x00007ffbd6727000 	F:\Program Files\Java\jdk-21\bin\jsvml.dll
0x00007ffbf52c0000 - 0x00007ffbf52d0000 	F:\Program Files\Java\jdk-21\bin\net.dll
0x00007ffbf55d0000 - 0x00007ffbf5707000 	C:\WINDOWS\SYSTEM32\WINHTTP.dll
0x00007ffbfba70000 - 0x00007ffbfbad9000 	C:\WINDOWS\system32\mswsock.dll
0x00007ffbf2b30000 - 0x00007ffbf2b46000 	F:\Program Files\Java\jdk-21\bin\nio.dll
0x00007ffbf2b10000 - 0x00007ffbf2b28000 	F:\Program Files\Java\jdk-21\bin\zip.dll
0x00007ffbe6a00000 - 0x00007ffbe6a46000 	E:\Program Files\Webots\lib\controller\java\JavaController.dll
0x00007ffbcd8a0000 - 0x00007ffbcd907000 	E:\Program Files\Webots\lib\controller\CppController.dll
0x00007ffb853c0000 - 0x00007ffb855ee000 	E:\Program Files\Webots\msys64\mingw64\bin\cpp\libstdc++-6.dll
0x00007ffbb9be0000 - 0x00007ffbb9c04000 	E:\Program Files\Webots\msys64\mingw64\bin\cpp\libgcc_s_seh-1.dll
0x00007ffbb7ca0000 - 0x00007ffbb7cb6000 	E:\Program Files\Webots\msys64\mingw64\bin\cpp\libwinpthread-1.dll
0x00007ffbcc520000 - 0x00007ffbcc5b6000 	E:\Program Files\Webots\lib\controller\Controller.dll
0x00007ffbfbda0000 - 0x00007ffbfbdac000 	C:\WINDOWS\SYSTEM32\CRYPTBASE.DLL
0x00007ffbf2b00000 - 0x00007ffbf2b0d000 	E:\PROGRA~2\Webots\RESOUR~1\projects\plugins\ROBOT_~1\generic\generic.dll
0x00007ffbf20f0000 - 0x00007ffbf210b000 	E:\Program Files\Webots\lib\controller\generic_robot_window.dll

dbghelp: loaded successfully - version: 4.0.5 - missing functions: none
symbol engine: initialized successfully - sym options: 0x614 - pdb path: .;F:\Program Files\Java\jdk-21\bin;C:\WINDOWS\SYSTEM32;C:\WINDOWS\WinSxS\amd64_microsoft.windows.common-controls_6595b64144ccf1df_6.0.22621.2506_none_270c5ae97388e100;E:\Program Files (x86)\360\360Safe\safemon;F:\Program Files\Java\jdk-21\bin\server;E:\Program Files\Webots\lib\controller\java;E:\Program Files\Webots\lib\controller;E:\Program Files\Webots\msys64\mingw64\bin\cpp;E:\PROGRA~2\Webots\RESOUR~1\projects\plugins\ROBOT_~1\generic

VM Arguments:
jvm_args: -Djava.library.path=E:/Program Files/Webots/lib/controller/java 
java_command: MyBug1Controller
java_class_path (initial): E:/Program Files/Webots/lib/controller/java/Controller.jar;E:/project/OBSTAC~1/PROGRA~1/CONTRO~1/MYBUG1~1/
Launcher Type: SUN_STANDARD

[Global flags]
     intx CICompilerCount                          = 12                                        {product} {ergonomic}
     uint ConcGCThreads                            = 3                                         {product} {ergonomic}
     uint G1ConcRefinementThreads                  = 13                                        {product} {ergonomic}
   size_t G1HeapRegionSize                         = 2097152                                   {product} {ergonomic}
    uintx GCDrainStackTargetSize                   = 64                                        {product} {ergonomic}
   size_t InitialHeapSize                          = 266338304                                 {product} {ergonomic}
   size_t MarkStackSize                            = 4194304                                   {product} {ergonomic}
   size_t MaxHeapSize                              = 4257218560                                {product} {ergonomic}
   size_t MaxNewSize                               = 2554331136                                {product} {ergonomic}
   size_t MinHeapDeltaBytes                        = 2097152                                   {product} {ergonomic}
   size_t MinHeapSize                              = 8388608                                   {product} {ergonomic}
    uintx NonNMethodCodeHeapSize                   = 7602480                                {pd product} {ergonomic}
    uintx NonProfiledCodeHeapSize                  = 122027880                              {pd product} {ergonomic}
    uintx ProfiledCodeHeapSize                     = 122027880                              {pd product} {ergonomic}
    uintx ReservedCodeCacheSize                    = 251658240                              {pd product} {ergonomic}
     bool SegmentedCodeCache                       = true                                      {product} {ergonomic}
   size_t SoftMaxHeapSize                          = 4257218560                             {manageable} {ergonomic}
     bool UseCompressedOops                        = true                           {product lp64_product} {ergonomic}
     bool UseG1GC                                  = true                                      {product} {ergonomic}
     bool UseLargePagesIndividualAllocation        = false                                  {pd product} {ergonomic}

Logging:
Log output configuration:
 #0: stdout all=warning uptime,level,tags foldmultilines=false
 #1: stderr all=off uptime,level,tags foldmultilines=false

Environment Variables:
PATH=E:\Program Files\Webots\lib\controller;E:\Program Files\Webots\msys64\mingw64\bin\cpp;C:\Program Files\Common Files\Oracle\Java\javapath;C:\Program Files\NVIDIA GPU Computing Toolkit\CUDA\v11.6\bin;C:\Program Files\NVIDIA GPU Computing Toolkit\CUDA\v11.6\libnvvp;E:\Program Files (x86)\VMware\VMware Workstation\bin\;C:\Windows\system32;C:\Windows;C:\Windows\System32\Wbem;C:\Windows\System32\WindowsPowerShell\v1.0\;C:\Windows\System32\OpenSSH\;C:\Program Files\NVIDIA Corporation\NVIDIA NvDLISR;C:\Program Files\Microsoft SQL Server\Client SDK\ODBC\110\Tools\Binn\;C:\Program Files (x86)\Microsoft SQL Server\120\Tools\Binn\;C:\Program Files\Microsoft SQL Server\120\Tools\Binn\;C:\Program Files\Microsoft SQL Server\120\DTS\Binn\;C:\Program Files (x86)\Windows Kits\8.1\Windows Performance Toolkit\;E:\texlive\2021\bin\win32;C:\Program Files\NVIDIA Corporation\Nsight Compute 2022.1.1\;E:\mingw64\bin;E:\Program Files\Git\cmd;C:\Program Files\Microsoft SQL Server\130\Tools\Binn\;C:\Program Files\Microsoft SQL Server\Client SDK\ODBC\170\Tools\Binn\;C:\Program Files\dotnet\;C:\Program Files\MySQL\MySQL Server 8.0\bin\;C:\WINDOWS\system32;C:\WINDOWS;C:\WINDOWS\System32\Wbem;C:\WINDOWS\System32\WindowsPowerShell\v1.0\;C:\WINDOWS\System32\OpenSSH\;C:\Program Files\NVIDIA\CUDNN\v8.3\bin;C:\Program Files\PowerShell\7\;C:\Program Files\Docker\Docker\resources\bin;E:\Users\Lenovo\miniconda3;E:\Users\Lenovo\miniconda3\Library\mingw-w64\bin;E:\Users\Lenovo\miniconda3\Library\usr\bin;E:\Users\Lenovo\miniconda3\Library\bin;E:\Users\Lenovo\miniconda3\Scripts;C:\Program Files\MySQL\MySQL Shell 8.0\bin\;C:\Users\Lenovo\AppData\Local\Microsoft\WindowsApps;E:\Users\Lenovo\AppData\Local\Programs\Microsoft VS Code\bin;E:\Program Files\Bandizip\;C:\Users\Lenovo\.dotnet\tools;E:\Program Files (x86)\Microsoft Visual Studio\2022\BuildTools\VC\Tools\MSVC\14.31.31103\bin\Hostx86\x64
USERNAME=Lenovo
OS=Windows_NT
PROCESSOR_IDENTIFIER=AMD64 Family 25 Model 80 Stepping 0, AuthenticAMD
TMP=C:\Users\Lenovo\AppData\Local\Temp
TEMP=C:\Users\Lenovo\AppData\Local\Temp




Periodic native trim disabled

---------------  S Y S T E M  ---------------

OS:
 Windows 11 , 64 bit Build 22621 (10.0.22621.2506)
OS uptime: 0 days 15:32 hours
Hyper-V role detected

CPU: total 16 (initial active 16) (16 cores per cpu, 2 threads per core) family 25 model 80 stepping 0 microcode 0x0, cx8, cmov, fxsr, ht, mmx, 3dnowpref, sse, sse2, sse3, ssse3, sse4a, sse4.1, sse4.2, popcnt, lzcnt, tsc, tscinvbit, avx, avx2, aes, erms, clmul, bmi1, bmi2, adx, sha, fma, vzeroupper, clflush, clflushopt, hv, rdtscp, rdpid, fsrm, f16c, cet_ss
Processor Information for processor 0
  Max Mhz: 3201, Current Mhz: 3201, Mhz Limit: 3201
Processor Information for processor 1
  Max Mhz: 3201, Current Mhz: 2555, Mhz Limit: 3201
Processor Information for processor 2
  Max Mhz: 3201, Current Mhz: 3201, Mhz Limit: 3201
Processor Information for processor 3
  Max Mhz: 3201, Current Mhz: 3201, Mhz Limit: 3201
Processor Information for processor 4
  Max Mhz: 3201, Current Mhz: 2555, Mhz Limit: 3201
Processor Information for processor 5
  Max Mhz: 3201, Current Mhz: 3201, Mhz Limit: 3201
Processor Information for processor 6
  Max Mhz: 3201, Current Mhz: 3201, Mhz Limit: 3201
Processor Information for processor 7
  Max Mhz: 3201, Current Mhz: 2555, Mhz Limit: 3201
Processor Information for processor 8
  Max Mhz: 3201, Current Mhz: 3201, Mhz Limit: 3201
Processor Information for processor 9
  Max Mhz: 3201, Current Mhz: 3201, Mhz Limit: 3201
Processor Information for processor 10
  Max Mhz: 3201, Current Mhz: 3201, Mhz Limit: 3201
Processor Information for processor 11
  Max Mhz: 3201, Current Mhz: 2555, Mhz Limit: 3201
Processor Information for processor 12
  Max Mhz: 3201, Current Mhz: 3201, Mhz Limit: 3201
Processor Information for processor 13
  Max Mhz: 3201, Current Mhz: 2555, Mhz Limit: 3201
Processor Information for processor 14
  Max Mhz: 3201, Current Mhz: 3201, Mhz Limit: 3201
Processor Information for processor 15
  Max Mhz: 3201, Current Mhz: 2555, Mhz Limit: 3201

Memory: 4k page, system-wide physical 16236M (7760M free)
TotalPageFile size 22892M (AvailPageFile size 7733M)
current process WorkingSet (physical memory assigned to process): 54M, peak: 64M
current process commit charge ("private bytes"): 350M, peak: 367M

vm_info: Java HotSpot(TM) 64-Bit Server VM (21.0.1+12-LTS-29) for windows-amd64 JRE (21.0.1+12-LTS-29), built on 2023-10-05T13:27:09Z by "mach5one" with MS VC++ 17.1 (VS2022)

END.
